TOKEN_COMMENT		# Testing comments
TOKEN_COMMENT		# 
TOKEN_COMMENT		# \t
TOKEN_COMMENT		# \n
TOKEN_COMMENT		# new
TOKEN_COMMENT		# bool
TOKEN_COMMENT		# char
TOKEN_COMMENT		# int
TOKEN_COMMENT		# float
TOKEN_COMMENT		# true
TOKEN_COMMENT		# false
TOKEN_COMMENT		# if
TOKEN_COMMENT		# else
TOKEN_COMMENT		# while
TOKEN_COMMENT		# as
TOKEN_COMMENT		# return
TOKEN_COMMENT		# (
TOKEN_COMMENT		# )
TOKEN_COMMENT		# [
TOKEN_COMMENT		# ]
TOKEN_COMMENT		# {
TOKEN_COMMENT		# }
TOKEN_COMMENT		# ==
TOKEN_COMMENT		# ~=
TOKEN_COMMENT		# <=
TOKEN_COMMENT		# >=
TOKEN_COMMENT		# &&
TOKEN_COMMENT		# ||
TOKEN_COMMENT		# -
TOKEN_COMMENT		# +
TOKEN_COMMENT		# *
TOKEN_COMMENT		# /
TOKEN_COMMENT		# =
TOKEN_COMMENT		# <
TOKEN_COMMENT		# >
TOKEN_COMMENT		# !
TOKEN_COMMENT		# :
TOKEN_COMMENT		# ;
